This is pdfTeX, Version 3.14159265-2.6-1.40.16 (TeX Live 2015) (preloaded format=pdflatex 2015.5.24)  29 APR 2016 12:05
entering extended mode
 \write18 enabled.
 %&-line parsing enabled.
**MFETmain.tex
(./MFETmain.tex
LaTeX2e <2015/01/01>
Babel <3.9l> and hyphenation patterns for 79 languages loaded.
(/usr/local/texlive/2015/texmf-dist/tex/latex/base/book.cls
Document Class: book 2014/09/29 v1.4h Standard LaTeX document class
(/usr/local/texlive/2015/texmf-dist/tex/latex/base/bk12.clo
File: bk12.clo 2014/09/29 v1.4h Standard LaTeX file (size option)
)
\c@part=\count79
\c@chapter=\count80
\c@section=\count81
\c@subsection=\count82
\c@subsubsection=\count83
\c@paragraph=\count84
\c@subparagraph=\count85
\c@figure=\count86
\c@table=\count87
\abovecaptionskip=\skip41
\belowcaptionskip=\skip42
\bibindent=\dimen102
)
(/usr/local/texlive/2015/texmf-dist/tex/latex/amscls/amsthm.sty
Package: amsthm 2015/03/04 v2.20.2
\thm@style=\toks14
\thm@bodyfont=\toks15
\thm@headfont=\toks16
\thm@notefont=\toks17
\thm@headpunct=\toks18
\thm@preskip=\skip43
\thm@postskip=\skip44
\thm@headsep=\skip45
\dth@everypar=\toks19
)
(/usr/local/texlive/2015/texmf-dist/tex/latex/amsfonts/amssymb.sty
Package: amssymb 2013/01/14 v3.01 AMS font symbols

(/usr/local/texlive/2015/texmf-dist/tex/latex/amsfonts/amsfonts.sty
Package: amsfonts 2013/01/14 v3.01 Basic AMSFonts support
\@emptytoks=\toks20
\symAMSa=\mathgroup4
\symAMSb=\mathgroup5
LaTeX Font Info:    Overwriting math alphabet `\mathfrak' in version `bold'
(Font)                  U/euf/m/n --> U/euf/b/n on input line 106.
))
(/usr/local/texlive/2015/texmf-dist/tex/latex/amsmath/amsmath.sty
Package: amsmath 2013/01/14 v2.14 AMS math features
\@mathmargin=\skip46

For additional information on amsmath, use the `?' option.
(/usr/local/texlive/2015/texmf-dist/tex/latex/amsmath/amstext.sty
Package: amstext 2000/06/29 v2.01

(/usr/local/texlive/2015/texmf-dist/tex/latex/amsmath/amsgen.sty
File: amsgen.sty 1999/11/30 v2.0
\@emptytoks=\toks21
\ex@=\dimen103
))
(/usr/local/texlive/2015/texmf-dist/tex/latex/amsmath/amsbsy.sty
Package: amsbsy 1999/11/29 v1.2d
\pmbraise@=\dimen104
)
(/usr/local/texlive/2015/texmf-dist/tex/latex/amsmath/amsopn.sty
Package: amsopn 1999/12/14 v2.01 operator names
)
\inf@bad=\count88
LaTeX Info: Redefining \frac on input line 210.
\uproot@=\count89
\leftroot@=\count90
LaTeX Info: Redefining \overline on input line 306.
\classnum@=\count91
\DOTSCASE@=\count92
LaTeX Info: Redefining \ldots on input line 378.
LaTeX Info: Redefining \dots on input line 381.
LaTeX Info: Redefining \cdots on input line 466.
\Mathstrutbox@=\box26
\strutbox@=\box27
\big@size=\dimen105
LaTeX Font Info:    Redeclaring font encoding OML on input line 566.
LaTeX Font Info:    Redeclaring font encoding OMS on input line 567.
\macc@depth=\count93
\c@MaxMatrixCols=\count94
\dotsspace@=\muskip10
\c@parentequation=\count95
\dspbrk@lvl=\count96
\tag@help=\toks22
\row@=\count97
\column@=\count98
\maxfields@=\count99
\andhelp@=\toks23
\eqnshift@=\dimen106
\alignsep@=\dimen107
\tagshift@=\dimen108
\tagwidth@=\dimen109
\totwidth@=\dimen110
\lineht@=\dimen111
\@envbody=\toks24
\multlinegap=\skip47
\multlinetaggap=\skip48
\mathdisplay@stack=\toks25
LaTeX Info: Redefining \[ on input line 2665.
LaTeX Info: Redefining \] on input line 2666.
)
(/usr/local/texlive/2015/texmf-dist/tex/latex/tools/enumerate.sty
Package: enumerate 2014/10/28 v3.00 enumerate extensions (DPC)
\@enLab=\toks26
)
(/usr/local/texlive/2015/texmf-dist/tex/latex/base/textcomp.sty
Package: textcomp 2005/09/27 v1.99g Standard LaTeX package
Package textcomp Info: Sub-encoding information:
(textcomp)               5 = only ISO-Adobe without \textcurrency
(textcomp)               4 = 5 + \texteuro
(textcomp)               3 = 4 + \textohm
(textcomp)               2 = 3 + \textestimated + \textcurrency
(textcomp)               1 = TS1 - \textcircled - \t
(textcomp)               0 = TS1 (full)
(textcomp)             Font families with sub-encoding setting implement
(textcomp)             only a restricted character set as indicated.
(textcomp)             Family '?' is the default used for unknown fonts.
(textcomp)             See the documentation for details.
Package textcomp Info: Setting ? sub-encoding to TS1/1 on input line 79.

(/usr/local/texlive/2015/texmf-dist/tex/latex/base/ts1enc.def
File: ts1enc.def 2001/06/05 v3.0e (jk/car/fm) Standard LaTeX file
)
LaTeX Info: Redefining \oldstylenums on input line 334.
Package textcomp Info: Setting cmr sub-encoding to TS1/0 on input line 349.
Package textcomp Info: Setting cmss sub-encoding to TS1/0 on input line 350.
Package textcomp Info: Setting cmtt sub-encoding to TS1/0 on input line 351.
Package textcomp Info: Setting cmvtt sub-encoding to TS1/0 on input line 352.
Package textcomp Info: Setting cmbr sub-encoding to TS1/0 on input line 353.
Package textcomp Info: Setting cmtl sub-encoding to TS1/0 on input line 354.
Package textcomp Info: Setting ccr sub-encoding to TS1/0 on input line 355.
Package textcomp Info: Setting ptm sub-encoding to TS1/4 on input line 356.
Package textcomp Info: Setting pcr sub-encoding to TS1/4 on input line 357.
Package textcomp Info: Setting phv sub-encoding to TS1/4 on input line 358.
Package textcomp Info: Setting ppl sub-encoding to TS1/3 on input line 359.
Package textcomp Info: Setting pag sub-encoding to TS1/4 on input line 360.
Package textcomp Info: Setting pbk sub-encoding to TS1/4 on input line 361.
Package textcomp Info: Setting pnc sub-encoding to TS1/4 on input line 362.
Package textcomp Info: Setting pzc sub-encoding to TS1/4 on input line 363.
Package textcomp Info: Setting bch sub-encoding to TS1/4 on input line 364.
Package textcomp Info: Setting put sub-encoding to TS1/5 on input line 365.
Package textcomp Info: Setting uag sub-encoding to TS1/5 on input line 366.
Package textcomp Info: Setting ugq sub-encoding to TS1/5 on input line 367.
Package textcomp Info: Setting ul8 sub-encoding to TS1/4 on input line 368.
Package textcomp Info: Setting ul9 sub-encoding to TS1/4 on input line 369.
Package textcomp Info: Setting augie sub-encoding to TS1/5 on input line 370.
Package textcomp Info: Setting dayrom sub-encoding to TS1/3 on input line 371.
Package textcomp Info: Setting dayroms sub-encoding to TS1/3 on input line 372.

Package textcomp Info: Setting pxr sub-encoding to TS1/0 on input line 373.
Package textcomp Info: Setting pxss sub-encoding to TS1/0 on input line 374.
Package textcomp Info: Setting pxtt sub-encoding to TS1/0 on input line 375.
Package textcomp Info: Setting txr sub-encoding to TS1/0 on input line 376.
Package textcomp Info: Setting txss sub-encoding to TS1/0 on input line 377.
Package textcomp Info: Setting txtt sub-encoding to TS1/0 on input line 378.
Package textcomp Info: Setting lmr sub-encoding to TS1/0 on input line 379.
Package textcomp Info: Setting lmdh sub-encoding to TS1/0 on input line 380.
Package textcomp Info: Setting lmss sub-encoding to TS1/0 on input line 381.
Package textcomp Info: Setting lmssq sub-encoding to TS1/0 on input line 382.
Package textcomp Info: Setting lmvtt sub-encoding to TS1/0 on input line 383.
Package textcomp Info: Setting lmtt sub-encoding to TS1/0 on input line 384.
Package textcomp Info: Setting qhv sub-encoding to TS1/0 on input line 385.
Package textcomp Info: Setting qag sub-encoding to TS1/0 on input line 386.
Package textcomp Info: Setting qbk sub-encoding to TS1/0 on input line 387.
Package textcomp Info: Setting qcr sub-encoding to TS1/0 on input line 388.
Package textcomp Info: Setting qcs sub-encoding to TS1/0 on input line 389.
Package textcomp Info: Setting qpl sub-encoding to TS1/0 on input line 390.
Package textcomp Info: Setting qtm sub-encoding to TS1/0 on input line 391.
Package textcomp Info: Setting qzc sub-encoding to TS1/0 on input line 392.
Package textcomp Info: Setting qhvc sub-encoding to TS1/0 on input line 393.
Package textcomp Info: Setting futs sub-encoding to TS1/4 on input line 394.
Package textcomp Info: Setting futx sub-encoding to TS1/4 on input line 395.
Package textcomp Info: Setting futj sub-encoding to TS1/4 on input line 396.
Package textcomp Info: Setting hlh sub-encoding to TS1/3 on input line 397.
Package textcomp Info: Setting hls sub-encoding to TS1/3 on input line 398.
Package textcomp Info: Setting hlst sub-encoding to TS1/3 on input line 399.
Package textcomp Info: Setting hlct sub-encoding to TS1/5 on input line 400.
Package textcomp Info: Setting hlx sub-encoding to TS1/5 on input line 401.
Package textcomp Info: Setting hlce sub-encoding to TS1/5 on input line 402.
Package textcomp Info: Setting hlcn sub-encoding to TS1/5 on input line 403.
Package textcomp Info: Setting hlcw sub-encoding to TS1/5 on input line 404.
Package textcomp Info: Setting hlcf sub-encoding to TS1/5 on input line 405.
Package textcomp Info: Setting pplx sub-encoding to TS1/3 on input line 406.
Package textcomp Info: Setting pplj sub-encoding to TS1/3 on input line 407.
Package textcomp Info: Setting ptmx sub-encoding to TS1/4 on input line 408.
Package textcomp Info: Setting ptmj sub-encoding to TS1/4 on input line 409.
)
(/usr/local/texlive/2015/texmf-dist/tex/latex/tools/verbatim.sty
Package: verbatim 2014/10/28 v1.5q LaTeX2e package for verbatim enhancements
\every@verbatim=\toks27
\verbatim@line=\toks28
\verbatim@in@stream=\read1
)
(/usr/local/texlive/2015/texmf-dist/tex/latex/graphics/graphicx.sty
Package: graphicx 2014/10/28 v1.0g Enhanced LaTeX Graphics (DPC,SPQR)

(/usr/local/texlive/2015/texmf-dist/tex/latex/graphics/keyval.sty
Package: keyval 2014/10/28 v1.15 key=value parser (DPC)
\KV@toks@=\toks29
)
(/usr/local/texlive/2015/texmf-dist/tex/latex/graphics/graphics.sty
Package: graphics 2014/10/28 v1.0p Standard LaTeX Graphics (DPC,SPQR)

(/usr/local/texlive/2015/texmf-dist/tex/latex/graphics/trig.sty
Package: trig 1999/03/16 v1.09 sin cos tan (DPC)
)
(/usr/local/texlive/2015/texmf-dist/tex/latex/latexconfig/graphics.cfg
File: graphics.cfg 2010/04/23 v1.9 graphics configuration of TeX Live
)
Package graphics Info: Driver file: pdftex.def on input line 94.

(/usr/local/texlive/2015/texmf-dist/tex/latex/pdftex-def/pdftex.def
File: pdftex.def 2011/05/27 v0.06d Graphics/color for pdfTeX

(/usr/local/texlive/2015/texmf-dist/tex/generic/oberdiek/infwarerr.sty
Package: infwarerr 2010/04/08 v1.3 Providing info/warning/error messages (HO)
)
(/usr/local/texlive/2015/texmf-dist/tex/generic/oberdiek/ltxcmds.sty
Package: ltxcmds 2011/11/09 v1.22 LaTeX kernel commands for general use (HO)
)
\Gread@gobject=\count100
))
\Gin@req@height=\dimen112
\Gin@req@width=\dimen113
)
(/usr/local/texlive/2015/texmf-dist/tex/latex/algorithms/algorithm.sty
Package: algorithm 2009/08/24 v0.1 Document Style `algorithm' - floating enviro
nment

(/usr/local/texlive/2015/texmf-dist/tex/latex/float/float.sty
Package: float 2001/11/08 v1.3d Float enhancements (AL)
\c@float@type=\count101
\float@exts=\toks30
\float@box=\box28
\@float@everytoks=\toks31
\@floatcapt=\box29
)
(/usr/local/texlive/2015/texmf-dist/tex/latex/base/ifthen.sty
Package: ifthen 2014/09/29 v1.1c Standard LaTeX ifthen package (DPC)
)
\@float@every@algorithm=\toks32
\c@algorithm=\count102
)
(/usr/local/texlive/2015/texmf-dist/tex/latex/tools/longtable.sty
Package: longtable 2014/10/28 v4.11 Multi-page Table package (DPC)
\LTleft=\skip49
\LTright=\skip50
\LTpre=\skip51
\LTpost=\skip52
\LTchunksize=\count103
\LTcapwidth=\dimen114
\LT@head=\box30
\LT@firsthead=\box31
\LT@foot=\box32
\LT@lastfoot=\box33
\LT@cols=\count104
\LT@rows=\count105
\c@LT@tables=\count106
\c@LT@chunks=\count107
\LT@p@ftn=\toks33
)
(/usr/local/texlive/2015/texmf-dist/tex/latex/pgf/frontendlayer/tikz.sty
(/usr/local/texlive/2015/texmf-dist/tex/latex/pgf/basiclayer/pgf.sty
(/usr/local/texlive/2015/texmf-dist/tex/latex/pgf/utilities/pgfrcs.sty
(/usr/local/texlive/2015/texmf-dist/tex/generic/pgf/utilities/pgfutil-common.te
x
\pgfutil@everybye=\toks34
\pgfutil@tempdima=\dimen115
\pgfutil@tempdimb=\dimen116

(/usr/local/texlive/2015/texmf-dist/tex/generic/pgf/utilities/pgfutil-common-li
sts.tex))
(/usr/local/texlive/2015/texmf-dist/tex/generic/pgf/utilities/pgfutil-latex.def
\pgfutil@abb=\box34
(/usr/local/texlive/2015/texmf-dist/tex/latex/ms/everyshi.sty
Package: everyshi 2001/05/15 v3.00 EveryShipout Package (MS)
))
(/usr/local/texlive/2015/texmf-dist/tex/generic/pgf/utilities/pgfrcs.code.tex
Package: pgfrcs 2013/12/20 v3.0.0 (rcs-revision 1.28)
))
Package: pgf 2013/12/18 v3.0.0 (rcs-revision 1.14)
(/usr/local/texlive/2015/texmf-dist/tex/latex/pgf/basiclayer/pgfcore.sty
(/usr/local/texlive/2015/texmf-dist/tex/latex/pgf/systemlayer/pgfsys.sty
(/usr/local/texlive/2015/texmf-dist/tex/generic/pgf/systemlayer/pgfsys.code.tex
Package: pgfsys 2013/11/30 v3.0.0 (rcs-revision 1.47)
(/usr/local/texlive/2015/texmf-dist/tex/generic/pgf/utilities/pgfkeys.code.tex
\pgfkeys@pathtoks=\toks35
\pgfkeys@temptoks=\toks36

(/usr/local/texlive/2015/texmf-dist/tex/generic/pgf/utilities/pgfkeysfiltered.c
ode.tex
\pgfkeys@tmptoks=\toks37
))
\pgf@x=\dimen117
\pgf@y=\dimen118
\pgf@xa=\dimen119
\pgf@ya=\dimen120
\pgf@xb=\dimen121
\pgf@yb=\dimen122
\pgf@xc=\dimen123
\pgf@yc=\dimen124
\w@pgf@writea=\write3
\r@pgf@reada=\read2
\c@pgf@counta=\count108
\c@pgf@countb=\count109
\c@pgf@countc=\count110
\c@pgf@countd=\count111
\t@pgf@toka=\toks38
\t@pgf@tokb=\toks39
\t@pgf@tokc=\toks40

(/usr/local/texlive/2015/texmf-dist/tex/generic/pgf/systemlayer/pgf.cfg
File: pgf.cfg 2008/05/14  (rcs-revision 1.7)
)
Driver file for pgf: pgfsys-pdftex.def

(/usr/local/texlive/2015/texmf-dist/tex/generic/pgf/systemlayer/pgfsys-pdftex.d
ef
File: pgfsys-pdftex.def 2013/07/18  (rcs-revision 1.33)

(/usr/local/texlive/2015/texmf-dist/tex/generic/pgf/systemlayer/pgfsys-common-p
df.def
File: pgfsys-common-pdf.def 2013/10/10  (rcs-revision 1.13)
)))
(/usr/local/texlive/2015/texmf-dist/tex/generic/pgf/systemlayer/pgfsyssoftpath.
code.tex
File: pgfsyssoftpath.code.tex 2013/09/09  (rcs-revision 1.9)
\pgfsyssoftpath@smallbuffer@items=\count112
\pgfsyssoftpath@bigbuffer@items=\count113
)
(/usr/local/texlive/2015/texmf-dist/tex/generic/pgf/systemlayer/pgfsysprotocol.
code.tex
File: pgfsysprotocol.code.tex 2006/10/16  (rcs-revision 1.4)
)) (/usr/local/texlive/2015/texmf-dist/tex/latex/xcolor/xcolor.sty
Package: xcolor 2007/01/21 v2.11 LaTeX color extensions (UK)

(/usr/local/texlive/2015/texmf-dist/tex/latex/latexconfig/color.cfg
File: color.cfg 2007/01/18 v1.5 color configuration of teTeX/TeXLive
)
Package xcolor Info: Driver file: pdftex.def on input line 225.
Package xcolor Info: Model `cmy' substituted by `cmy0' on input line 1337.
Package xcolor Info: Model `hsb' substituted by `rgb' on input line 1341.
Package xcolor Info: Model `RGB' extended on input line 1353.
Package xcolor Info: Model `HTML' substituted by `rgb' on input line 1355.
Package xcolor Info: Model `Hsb' substituted by `hsb' on input line 1356.
Package xcolor Info: Model `tHsb' substituted by `hsb' on input line 1357.
Package xcolor Info: Model `HSB' substituted by `hsb' on input line 1358.
Package xcolor Info: Model `Gray' substituted by `gray' on input line 1359.
Package xcolor Info: Model `wave' substituted by `hsb' on input line 1360.
)
(/usr/local/texlive/2015/texmf-dist/tex/generic/pgf/basiclayer/pgfcore.code.tex
Package: pgfcore 2010/04/11 v3.0.0 (rcs-revision 1.7)
(/usr/local/texlive/2015/texmf-dist/tex/generic/pgf/math/pgfmath.code.tex
(/usr/local/texlive/2015/texmf-dist/tex/generic/pgf/math/pgfmathcalc.code.tex
(/usr/local/texlive/2015/texmf-dist/tex/generic/pgf/math/pgfmathutil.code.tex)
(/usr/local/texlive/2015/texmf-dist/tex/generic/pgf/math/pgfmathparser.code.tex
\pgfmath@dimen=\dimen125
\pgfmath@count=\count114
\pgfmath@box=\box35
\pgfmath@toks=\toks41
\pgfmath@stack@operand=\toks42
\pgfmath@stack@operation=\toks43
)
(/usr/local/texlive/2015/texmf-dist/tex/generic/pgf/math/pgfmathfunctions.code.
tex
(/usr/local/texlive/2015/texmf-dist/tex/generic/pgf/math/pgfmathfunctions.basic
.code.tex)
(/usr/local/texlive/2015/texmf-dist/tex/generic/pgf/math/pgfmathfunctions.trigo
nometric.code.tex)
(/usr/local/texlive/2015/texmf-dist/tex/generic/pgf/math/pgfmathfunctions.rando
m.code.tex)
(/usr/local/texlive/2015/texmf-dist/tex/generic/pgf/math/pgfmathfunctions.compa
rison.code.tex)
(/usr/local/texlive/2015/texmf-dist/tex/generic/pgf/math/pgfmathfunctions.base.
code.tex)
(/usr/local/texlive/2015/texmf-dist/tex/generic/pgf/math/pgfmathfunctions.round
.code.tex)
(/usr/local/texlive/2015/texmf-dist/tex/generic/pgf/math/pgfmathfunctions.misc.
code.tex)
(/usr/local/texlive/2015/texmf-dist/tex/generic/pgf/math/pgfmathfunctions.integ
erarithmetics.code.tex)))
(/usr/local/texlive/2015/texmf-dist/tex/generic/pgf/math/pgfmathfloat.code.tex
\c@pgfmathroundto@lastzeros=\count115
))
(/usr/local/texlive/2015/texmf-dist/tex/generic/pgf/basiclayer/pgfcorepoints.co
de.tex
File: pgfcorepoints.code.tex 2013/10/07  (rcs-revision 1.27)
\pgf@picminx=\dimen126
\pgf@picmaxx=\dimen127
\pgf@picminy=\dimen128
\pgf@picmaxy=\dimen129
\pgf@pathminx=\dimen130
\pgf@pathmaxx=\dimen131
\pgf@pathminy=\dimen132
\pgf@pathmaxy=\dimen133
\pgf@xx=\dimen134
\pgf@xy=\dimen135
\pgf@yx=\dimen136
\pgf@yy=\dimen137
\pgf@zx=\dimen138
\pgf@zy=\dimen139
)
(/usr/local/texlive/2015/texmf-dist/tex/generic/pgf/basiclayer/pgfcorepathconst
ruct.code.tex
File: pgfcorepathconstruct.code.tex 2013/10/07  (rcs-revision 1.29)
\pgf@path@lastx=\dimen140
\pgf@path@lasty=\dimen141
)
(/usr/local/texlive/2015/texmf-dist/tex/generic/pgf/basiclayer/pgfcorepathusage
.code.tex
File: pgfcorepathusage.code.tex 2013/12/13  (rcs-revision 1.23)
\pgf@shorten@end@additional=\dimen142
\pgf@shorten@start@additional=\dimen143
)
(/usr/local/texlive/2015/texmf-dist/tex/generic/pgf/basiclayer/pgfcorescopes.co
de.tex
File: pgfcorescopes.code.tex 2013/10/09  (rcs-revision 1.44)
\pgfpic=\box36
\pgf@hbox=\box37
\pgf@layerbox@main=\box38
\pgf@picture@serial@count=\count116
)
(/usr/local/texlive/2015/texmf-dist/tex/generic/pgf/basiclayer/pgfcoregraphicst
ate.code.tex
File: pgfcoregraphicstate.code.tex 2013/09/19  (rcs-revision 1.11)
\pgflinewidth=\dimen144
)
(/usr/local/texlive/2015/texmf-dist/tex/generic/pgf/basiclayer/pgfcoretransform
ations.code.tex
File: pgfcoretransformations.code.tex 2013/10/10  (rcs-revision 1.17)
\pgf@pt@x=\dimen145
\pgf@pt@y=\dimen146
\pgf@pt@temp=\dimen147
)
(/usr/local/texlive/2015/texmf-dist/tex/generic/pgf/basiclayer/pgfcorequick.cod
e.tex
File: pgfcorequick.code.tex 2008/10/09  (rcs-revision 1.3)
)
(/usr/local/texlive/2015/texmf-dist/tex/generic/pgf/basiclayer/pgfcoreobjects.c
ode.tex
File: pgfcoreobjects.code.tex 2006/10/11  (rcs-revision 1.2)
)
(/usr/local/texlive/2015/texmf-dist/tex/generic/pgf/basiclayer/pgfcorepathproce
ssing.code.tex
File: pgfcorepathprocessing.code.tex 2013/09/09  (rcs-revision 1.9)
)
(/usr/local/texlive/2015/texmf-dist/tex/generic/pgf/basiclayer/pgfcorearrows.co
de.tex
File: pgfcorearrows.code.tex 2013/11/07  (rcs-revision 1.40)
\pgfarrowsep=\dimen148
)
(/usr/local/texlive/2015/texmf-dist/tex/generic/pgf/basiclayer/pgfcoreshade.cod
e.tex
File: pgfcoreshade.code.tex 2013/07/15  (rcs-revision 1.15)
\pgf@max=\dimen149
\pgf@sys@shading@range@num=\count117
)
(/usr/local/texlive/2015/texmf-dist/tex/generic/pgf/basiclayer/pgfcoreimage.cod
e.tex
File: pgfcoreimage.code.tex 2013/07/15  (rcs-revision 1.18)

(/usr/local/texlive/2015/texmf-dist/tex/generic/pgf/basiclayer/pgfcoreexternal.
code.tex
File: pgfcoreexternal.code.tex 2013/07/15  (rcs-revision 1.20)
\pgfexternal@startupbox=\box39
))
(/usr/local/texlive/2015/texmf-dist/tex/generic/pgf/basiclayer/pgfcorelayers.co
de.tex
File: pgfcorelayers.code.tex 2013/07/18  (rcs-revision 1.7)
)
(/usr/local/texlive/2015/texmf-dist/tex/generic/pgf/basiclayer/pgfcoretranspare
ncy.code.tex
File: pgfcoretransparency.code.tex 2013/09/30  (rcs-revision 1.5)
)
(/usr/local/texlive/2015/texmf-dist/tex/generic/pgf/basiclayer/pgfcorepatterns.
code.tex
File: pgfcorepatterns.code.tex 2013/11/07  (rcs-revision 1.5)
)))
(/usr/local/texlive/2015/texmf-dist/tex/generic/pgf/modules/pgfmoduleshapes.cod
e.tex
File: pgfmoduleshapes.code.tex 2013/10/31  (rcs-revision 1.34)
\pgfnodeparttextbox=\box40
)
(/usr/local/texlive/2015/texmf-dist/tex/generic/pgf/modules/pgfmoduleplot.code.
tex
File: pgfmoduleplot.code.tex 2013/07/31  (rcs-revision 1.12)
)
(/usr/local/texlive/2015/texmf-dist/tex/latex/pgf/compatibility/pgfcomp-version
-0-65.sty
Package: pgfcomp-version-0-65 2007/07/03 v3.0.0 (rcs-revision 1.7)
\pgf@nodesepstart=\dimen150
\pgf@nodesepend=\dimen151
)
(/usr/local/texlive/2015/texmf-dist/tex/latex/pgf/compatibility/pgfcomp-version
-1-18.sty
Package: pgfcomp-version-1-18 2007/07/23 v3.0.0 (rcs-revision 1.1)
))
(/usr/local/texlive/2015/texmf-dist/tex/latex/pgf/utilities/pgffor.sty
(/usr/local/texlive/2015/texmf-dist/tex/latex/pgf/utilities/pgfkeys.sty
(/usr/local/texlive/2015/texmf-dist/tex/generic/pgf/utilities/pgfkeys.code.tex)
) (/usr/local/texlive/2015/texmf-dist/tex/latex/pgf/math/pgfmath.sty
(/usr/local/texlive/2015/texmf-dist/tex/generic/pgf/math/pgfmath.code.tex))
(/usr/local/texlive/2015/texmf-dist/tex/generic/pgf/utilities/pgffor.code.tex
Package: pgffor 2013/12/13 v3.0.0 (rcs-revision 1.25)

(/usr/local/texlive/2015/texmf-dist/tex/generic/pgf/math/pgfmath.code.tex)
\pgffor@iter=\dimen152
\pgffor@skip=\dimen153
\pgffor@stack=\toks44
\pgffor@toks=\toks45
))
(/usr/local/texlive/2015/texmf-dist/tex/generic/pgf/frontendlayer/tikz/tikz.cod
e.tex
Package: tikz 2013/12/13 v3.0.0 (rcs-revision 1.142)

(/usr/local/texlive/2015/texmf-dist/tex/generic/pgf/libraries/pgflibraryplothan
dlers.code.tex
File: pgflibraryplothandlers.code.tex 2013/08/31 v3.0.0 (rcs-revision 1.20)
\pgf@plot@mark@count=\count118
\pgfplotmarksize=\dimen154
)
\tikz@lastx=\dimen155
\tikz@lasty=\dimen156
\tikz@lastxsaved=\dimen157
\tikz@lastysaved=\dimen158
\tikzleveldistance=\dimen159
\tikzsiblingdistance=\dimen160
\tikz@figbox=\box41
\tikz@figbox@bg=\box42
\tikz@tempbox=\box43
\tikz@tempbox@bg=\box44
\tikztreelevel=\count119
\tikznumberofchildren=\count120
\tikznumberofcurrentchild=\count121
\tikz@fig@count=\count122

(/usr/local/texlive/2015/texmf-dist/tex/generic/pgf/modules/pgfmodulematrix.cod
e.tex
File: pgfmodulematrix.code.tex 2013/09/17  (rcs-revision 1.8)
\pgfmatrixcurrentrow=\count123
\pgfmatrixcurrentcolumn=\count124
\pgf@matrix@numberofcolumns=\count125
)
\tikz@expandcount=\count126

(/usr/local/texlive/2015/texmf-dist/tex/generic/pgf/frontendlayer/tikz/librarie
s/tikzlibrarytopaths.code.tex
File: tikzlibrarytopaths.code.tex 2008/06/17 v3.0.0 (rcs-revision 1.2)
)))
(/usr/local/texlive/2015/texmf-dist/tex/generic/pgf/frontendlayer/tikz/librarie
s/tikzlibraryarrows.code.tex
File: tikzlibraryarrows.code.tex 2008/01/09 v3.0.0 (rcs-revision 1.1)

(/usr/local/texlive/2015/texmf-dist/tex/generic/pgf/libraries/pgflibraryarrows.
code.tex
File: pgflibraryarrows.code.tex 2013/09/23 v3.0.0 (rcs-revision 1.16)
\arrowsize=\dimen161
)) (/usr/local/texlive/2015/texmf-dist/tex/generic/xypic/xy.sty
(/usr/local/texlive/2015/texmf-dist/tex/generic/xypic/xy.tex Bootstrap'ing:
catcodes, docmode,
(/usr/local/texlive/2015/texmf-dist/tex/generic/xypic/xyrecat.tex)
(/usr/local/texlive/2015/texmf-dist/tex/generic/xypic/xyidioms.tex)

 Xy-pic version 3.8.9 <2013/10/06>
 Copyright (c) 1991-2013 by Kristoffer H. Rose <krisrose@tug.org> and others
 Xy-pic is free software: see the User's Guide for details.

Loading kernel: messages; fonts; allocations: state,
\X@c=\dimen162
\Y@c=\dimen163
\U@c=\dimen164
\D@c=\dimen165
\L@c=\dimen166
\R@c=\dimen167
\Edge@c=\toks46
\X@p=\dimen168
\Y@p=\dimen169
\U@p=\dimen170
\D@p=\dimen171
\L@p=\dimen172
\R@p=\dimen173
\Edge@p=\toks47
\X@origin=\dimen174
\Y@origin=\dimen175
\X@xbase=\dimen176
\Y@xbase=\dimen177
\X@ybase=\dimen178
\Y@ybase=\dimen179
\X@min=\dimen180
\Y@min=\dimen181
\X@max=\dimen182
\Y@max=\dimen183
\lastobjectbox@=\box45
\zerodotbox@=\box46
\almostz@=\dimen184
 direction,
\d@X=\dimen185
\d@Y=\dimen186
\K@=\count127
\KK@=\count128
\Direction=\count129
\K@dXdY=\dimen187
\K@dYdX=\dimen188
\xyread@=\read3
\xywrite@=\write4
\csp@=\count130
\quotPTK@=\dimen189

utility macros; pictures: \xy, positions,
\swaptoks@@=\toks48
\connectobjectbox@@=\box47
 objects,
\styletoks@=\toks49
 decorations;
kernel objects: directionals, circles, text; options; algorithms: directions,
edges, connections;  Xy-pic loaded)
(/usr/local/texlive/2015/texmf-dist/tex/generic/oberdiek/ifpdf.sty
Package: ifpdf 2011/01/30 v2.3 Provides the ifpdf switch (HO)
Package ifpdf Info: pdfTeX in PDF mode is detected.
)
Package: xy 2013/10/06 Xy-pic version 3.8.9

(/usr/local/texlive/2015/texmf-dist/tex/generic/xypic/xyall.tex
 Xy-pic option: All features v.3.8
(/usr/local/texlive/2015/texmf-dist/tex/generic/xypic/xycurve.tex
 Xy-pic option: Curve and Spline extension v.3.12 curve,
\crv@cnt@=\count131
\crvpts@=\toks50
\splinebox@=\box48
\splineval@=\dimen190
\splinedepth@=\dimen191
\splinetol@=\dimen192
\splinelength@=\dimen193
 circles,
\L@=\dimen194
 loaded)
(/usr/local/texlive/2015/texmf-dist/tex/generic/xypic/xyframe.tex
 Xy-pic option: Frame and Bracket extension v.3.14 loaded)
(/usr/local/texlive/2015/texmf-dist/tex/generic/xypic/xycmtip.tex
 Xy-pic option: Computer Modern tip extension v.3.7
(/usr/local/texlive/2015/texmf-dist/tex/generic/xypic/xytips.tex
 Xy-pic option: More Tips extension v.3.11 loaded) loaded)
(/usr/local/texlive/2015/texmf-dist/tex/generic/xypic/xyline.tex
 Xy-pic option: Line styles extension v.3.10
\xylinethick@=\dimen195
 loaded)
(/usr/local/texlive/2015/texmf-dist/tex/generic/xypic/xyrotate.tex
 Xy-pic option: Rotate and Scale extension v.3.8 loaded)
(/usr/local/texlive/2015/texmf-dist/tex/generic/xypic/xycolor.tex
 Xy-pic option: Colour extension v.3.11 loaded)
(/usr/local/texlive/2015/texmf-dist/tex/generic/xypic/xymatrix.tex
 Xy-pic option: Matrix feature v.3.14
\Row=\count132
\Col=\count133
\queue@=\toks51
\queue@@=\toks52
\qcount@=\count134
\qcount@@=\count135
\matrixsize@=\count136
 loaded)
(/usr/local/texlive/2015/texmf-dist/tex/generic/xypic/xyarrow.tex
 Xy-pic option: Arrow and Path feature v.3.9 path, \ar, loaded)
(/usr/local/texlive/2015/texmf-dist/tex/generic/xypic/xygraph.tex
 Xy-pic option: Graph feature v.3.11 loaded) loaded)
(/usr/local/texlive/2015/texmf-dist/tex/generic/xypic/xyarc.tex
 Xy-pic option: Circle, Ellipse, Arc feature v.3.8 circles, ellipses,
elliptical arcs, loaded)
(/usr/local/texlive/2015/texmf-dist/tex/generic/xypic/xycurve.tex
 Xy-pic option: Curve and Spline extension v.3.12 not reloaded)
(/usr/local/texlive/2015/texmf-dist/tex/generic/xypic/xyframe.tex
 Xy-pic option: Frame and Bracket extension v.3.14 not reloaded)
(/usr/local/texlive/2015/texmf-dist/tex/generic/xypic/xycolor.tex
 Xy-pic option: Colour extension v.3.11 not reloaded)
(/usr/local/texlive/2015/texmf-dist/tex/generic/xypic/xypdf.tex
 Xy-pic option: PDF driver v.1.7 Xy-pic pdf driver: `color' extension support
(/usr/local/texlive/2015/texmf-dist/tex/generic/xypic/xypdf-co.tex loaded)
Xy-pic pdf driver: `curve' extension support
(/usr/local/texlive/2015/texmf-dist/tex/generic/xypic/xypdf-cu.tex loaded)
Xy-pic pdf driver: `frame' extension support
(/usr/local/texlive/2015/texmf-dist/tex/generic/xypic/xypdf-fr.tex loaded)
Xy-pic pdf driver: `line' extension support
(/usr/local/texlive/2015/texmf-dist/tex/generic/xypic/xypdf-li.tex loaded)
Xy-pic pdf driver: `rotate' extension support
(/usr/local/texlive/2015/texmf-dist/tex/generic/xypic/xypdf-ro.tex loaded)
loaded)) (/usr/local/texlive/2015/texmf-dist/tex/latex/subfigure/subfigure.sty
Package: subfigure 2002/03/15 v2.1.5 subfigure package
\subfigtopskip=\skip53
\subfigcapskip=\skip54
\subfigcaptopadj=\dimen196
\subfigbottomskip=\skip55
\subfigcapmargin=\dimen197
\subfiglabelskip=\skip56
\c@subfigure=\count137
\c@lofdepth=\count138
\c@subtable=\count139
\c@lotdepth=\count140

****************************************
* Local config file subfigure.cfg used *
****************************************
(/usr/local/texlive/2015/texmf-dist/tex/latex/subfigure/subfigure.cfg)
\subfig@top=\skip57
\subfig@bottom=\skip58
)
(/usr/local/texlive/2015/texmf-dist/tex/latex/url/url.sty
\Urlmuskip=\muskip11
Package: url 2013/09/16  ver 3.4  Verb mode for urls, etc.
)
\c@thm=\count141
\c@ps=\count142
\c@idea=\count143
\c@problem=\count144
 (./MFETmain.aux)
\openout1 = `MFETmain.aux'.

LaTeX Font Info:    Checking defaults for OML/cmm/m/it on input line 164.
LaTeX Font Info:    ... okay on input line 164.
LaTeX Font Info:    Checking defaults for T1/cmr/m/n on input line 164.
LaTeX Font Info:    ... okay on input line 164.
LaTeX Font Info:    Checking defaults for OT1/cmr/m/n on input line 164.
LaTeX Font Info:    ... okay on input line 164.
LaTeX Font Info:    Checking defaults for OMS/cmsy/m/n on input line 164.
LaTeX Font Info:    ... okay on input line 164.
LaTeX Font Info:    Checking defaults for OMX/cmex/m/n on input line 164.
LaTeX Font Info:    ... okay on input line 164.
LaTeX Font Info:    Checking defaults for U/cmr/m/n on input line 164.
LaTeX Font Info:    ... okay on input line 164.
LaTeX Font Info:    Checking defaults for TS1/cmr/m/n on input line 164.
LaTeX Font Info:    Try loading font information for TS1+cmr on input line 164.


(/usr/local/texlive/2015/texmf-dist/tex/latex/base/ts1cmr.fd
File: ts1cmr.fd 2014/09/29 v2.5h Standard LaTeX font definitions
)
LaTeX Font Info:    ... okay on input line 164.

(/usr/local/texlive/2015/texmf-dist/tex/context/base/supp-pdf.mkii
[Loading MPS to PDF converter (version 2006.09.02).]
\scratchcounter=\count145
\scratchdimen=\dimen198
\scratchbox=\box49
\nofMPsegments=\count146
\nofMParguments=\count147
\everyMPshowfont=\toks53
\MPscratchCnt=\count148
\MPscratchDim=\dimen199
\MPnumerator=\count149
\makeMPintoPDFobject=\count150
\everyMPtoPDFconversion=\toks54
) (/usr/local/texlive/2015/texmf-dist/tex/generic/oberdiek/pdftexcmds.sty
Package: pdftexcmds 2011/11/29 v0.20 Utility functions of pdfTeX for LuaTeX (HO
)

(/usr/local/texlive/2015/texmf-dist/tex/generic/oberdiek/ifluatex.sty
Package: ifluatex 2010/03/01 v1.3 Provides the ifluatex switch (HO)
Package ifluatex Info: LuaTeX not detected.
)
Package pdftexcmds Info: LuaTeX not detected.
Package pdftexcmds Info: \pdf@primitive is available.
Package pdftexcmds Info: \pdf@ifprimitive is available.
Package pdftexcmds Info: \pdfdraftmode found.
)
(/usr/local/texlive/2015/texmf-dist/tex/latex/oberdiek/epstopdf-base.sty
Package: epstopdf-base 2010/02/09 v2.5 Base part for package epstopdf

(/usr/local/texlive/2015/texmf-dist/tex/latex/oberdiek/grfext.sty
Package: grfext 2010/08/19 v1.1 Manage graphics extensions (HO)

(/usr/local/texlive/2015/texmf-dist/tex/generic/oberdiek/kvdefinekeys.sty
Package: kvdefinekeys 2011/04/07 v1.3 Define keys (HO)
))
(/usr/local/texlive/2015/texmf-dist/tex/latex/oberdiek/kvoptions.sty
Package: kvoptions 2011/06/30 v3.11 Key value format for package options (HO)

(/usr/local/texlive/2015/texmf-dist/tex/generic/oberdiek/kvsetkeys.sty
Package: kvsetkeys 2012/04/25 v1.16 Key value parser (HO)

(/usr/local/texlive/2015/texmf-dist/tex/generic/oberdiek/etexcmds.sty
Package: etexcmds 2011/02/16 v1.5 Avoid name clashes with e-TeX commands (HO)
Package etexcmds Info: Could not find \expanded.
(etexcmds)             That can mean that you are not using pdfTeX 1.50 or
(etexcmds)             that some package has redefined \expanded.
(etexcmds)             In the latter case, load this package earlier.
)))
Package grfext Info: Graphics extension search list:
(grfext)             [.png,.pdf,.jpg,.mps,.jpeg,.jbig2,.jb2,.PNG,.PDF,.JPG,.JPE
G,.JBIG2,.JB2,.eps]
(grfext)             \AppendGraphicsExtensions on input line 452.

(/usr/local/texlive/2015/texmf-dist/tex/latex/latexconfig/epstopdf-sys.cfg
File: epstopdf-sys.cfg 2010/07/13 v1.3 Configuration of (r)epstopdf for TeX Liv
e
))
ABD: EveryShipout initializing macros
LaTeX Font Info:    Try loading font information for U+msa on input line 164.

(/usr/local/texlive/2015/texmf-dist/tex/latex/amsfonts/umsa.fd
File: umsa.fd 2013/01/14 v3.01 AMS symbols A
)
LaTeX Font Info:    Try loading font information for U+msb on input line 164.

(/usr/local/texlive/2015/texmf-dist/tex/latex/amsfonts/umsb.fd
File: umsb.fd 2013/01/14 v3.01 AMS symbols B
)
Package xypdf Info: Line width: 0.47998pt on input line 164.


LaTeX Warning: No \author given.

[1


{/usr/local/texlive/2015/texmf-var/fonts/map/pdftex/updmap/pdftex.map}]
[2

] (./MFETmain.toc [3])
\tf@toc=\write5
\openout5 = `MFETmain.toc'.

 (../ProbSolving/ProbSolving.tex [4]
Chapter 1.

<../Pictures/ProbSolvingPics/prob1_pic1.png, id=23, 528.97626pt x 189.70876pt>
File: ../Pictures/ProbSolvingPics/prob1_pic1.png Graphic file (type png)

<use ../Pictures/ProbSolvingPics/prob1_pic1.png>
Package pdftex.def Info: ../Pictures/ProbSolvingPics/prob1_pic1.png used on inp
ut line 9.
(pdftex.def)             Requested size: 317.34784pt x 113.81102pt.

<../Pictures/ProbSolvingPics/prob1_pic2.png, id=24, 527.9725pt x 186.6975pt>
File: ../Pictures/ProbSolvingPics/prob1_pic2.png Graphic file (type png)

<use ../Pictures/ProbSolvingPics/prob1_pic2.png>
Package pdftex.def Info: ../Pictures/ProbSolvingPics/prob1_pic2.png used on inp
ut line 21.
(pdftex.def)             Requested size: 321.85329pt x 113.81102pt.
 [5

 <../Pictures/ProbSolvingPics/prob1_pic1.png>]
Overfull \hbox (54.33179pt too wide) in paragraph at lines 29--30
[]\OT1/cmr/m/n/12 The Com-mon Core State Stan-dards for Math-e-mat-ics ($\OT1/c
mtt/m/n/12 http : / / www . corestandards .
 []


Underfull \vbox (badness 1400) has occurred while \output is active []

 [6 <../Pictures/ProbSolvingPics/prob1_pic2.png>] [7]
<../Pictures/ProbSolvingPics/clock.png, id=39, 224.84pt x 241.90375pt>
File: ../Pictures/ProbSolvingPics/clock.png Graphic file (type png)

<use ../Pictures/ProbSolvingPics/clock.png>
Package pdftex.def Info: ../Pictures/ProbSolvingPics/clock.png used on input li
ne 71.
(pdftex.def)             Requested size: 79.33673pt x 85.35826pt.

Underfull \hbox (badness 10000) in paragraph at lines 80--81

 []

[8 <../Pictures/ProbSolvingPics/clock.png>] [9] [10] [11] [12]
Overfull \hbox (54.6257pt too wide) in paragraph at lines 222--233
[][] 
 []

[13]
File: ../Pictures/ProbSolvingPics/clock.png Graphic file (type png)
 <use ../Pictures/ProbSolvingPics/clock.png>
Package pdftex.def Info: ../Pictures/ProbSolvingPics/clock.png used on input li
ne 269.
(pdftex.def)             Requested size: 79.33673pt x 85.35826pt.
 [14]
<../Pictures/ProbSolvingPics/circle.png, id=63, 139.52126pt x 130.4875pt>
File: ../Pictures/ProbSolvingPics/circle.png Graphic file (type png)

<use ../Pictures/ProbSolvingPics/circle.png>
Package pdftex.def Info: ../Pictures/ProbSolvingPics/circle.png used on input l
ine 319.
(pdftex.def)             Requested size: 91.26892pt x 85.35826pt.
 [15]
<../Pictures/ProbSolvingPics/twodots.png, id=67, 143.53625pt x 140.525pt>
File: ../Pictures/ProbSolvingPics/twodots.png Graphic file (type png)

<use ../Pictures/ProbSolvingPics/twodots.png>
Package pdftex.def Info: ../Pictures/ProbSolvingPics/twodots.png used on input 
line 323.
(pdftex.def)             Requested size: 87.18683pt x 85.35826pt.

<../Pictures/ProbSolvingPics/threedots.png, id=68, 147.55125pt x 127.47626pt>
File: ../Pictures/ProbSolvingPics/threedots.png Graphic file (type png)

<use ../Pictures/ProbSolvingPics/threedots.png>
Package pdftex.def Info: ../Pictures/ProbSolvingPics/threedots.png used on inpu
t line 327.
(pdftex.def)             Requested size: 98.80478pt x 85.35826pt.
 [16 <../Pictures/ProbSolvingPics/circle.png> <../Pictures/ProbSolvingPics/twod
ots.png> <../Pictures/ProbSolvingPics/threedots.png>]
Underfull \hbox (badness 10000) in paragraph at lines 353--355

 []


Underfull \hbox (badness 10000) in paragraph at lines 357--359

 []


Underfull \hbox (badness 10000) in paragraph at lines 361--362

 []


Underfull \hbox (badness 10000) in paragraph at lines 364--365

 []

[17] [18] [19] [20] [21]
<../Pictures/ProbSolvingPics/pent_tris.png, id=89, 281.05pt x 260.975pt>
File: ../Pictures/ProbSolvingPics/pent_tris.png Graphic file (type png)

<use ../Pictures/ProbSolvingPics/pent_tris.png>
Package pdftex.def Info: ../Pictures/ProbSolvingPics/pent_tris.png used on inpu
t line 566.
(pdftex.def)             Requested size: 91.92339pt x 85.35826pt.
 [22 <../Pictures/ProbSolvingPics/pent_tris.png>]
<../Pictures/ProbSolvingPics/circle_pyr.png, id=93, 328.22626pt x 285.065pt>
File: ../Pictures/ProbSolvingPics/circle_pyr.png Graphic file (type png)

<use ../Pictures/ProbSolvingPics/circle_pyr.png>
Package pdftex.def Info: ../Pictures/ProbSolvingPics/circle_pyr.png used on inp
ut line 593.
(pdftex.def)             Requested size: 98.2783pt x 85.35826pt.
 [23 <../Pictures/ProbSolvingPics/circle_pyr.png>] [24] [25] [26] [27] [28]
<../Pictures/ProbSolvingPics/cards.png, id=113, 351.3125pt x 141.52875pt>
File: ../Pictures/ProbSolvingPics/cards.png Graphic file (type png)

<use ../Pictures/ProbSolvingPics/cards.png>
Package pdftex.def Info: ../Pictures/ProbSolvingPics/cards.png used on input li
ne 888.
(pdftex.def)             Requested size: 211.88803pt x 85.35826pt.
 [29] [30 <../Pictures/ProbSolvingPics/cards.png>] [31] [32] [33] [34] [35]
Underfull \hbox (badness 10000) in paragraph at lines 1143--1144

 []


Underfull \hbox (badness 10000) in paragraph at lines 1145--1146

 []


Underfull \hbox (badness 10000) in paragraph at lines 1147--1148

 []

[36] [37] [38]
<../Pictures/ProbSolvingPics/triangleboard.png, id=149, 403.5075pt x 351.3125pt
>
File: ../Pictures/ProbSolvingPics/triangleboard.png Graphic file (type png)
 <use ../Pictures/ProbSolvingPics/triangleboard.png>
Package pdftex.def Info: ../Pictures/ProbSolvingPics/triangleboard.png used on 
input line 1296.
(pdftex.def)             Requested size: 130.7197pt x 113.81102pt.
File: ../Pictures/ProbSolvingPics/clock.png Graphic file (type png)

<use ../Pictures/ProbSolvingPics/clock.png>
Package pdftex.def Info: ../Pictures/ProbSolvingPics/clock.png used on input li
ne 1309.
(pdftex.def)             Requested size: 79.33673pt x 85.35826pt.
) (../PlaceValue/PlaceValue.tex
[39 <../Pictures/ProbSolvingPics/triangleboard.png>] [40

]
Chapter 2.
<../Pictures/PlaceValuePics/dots1.png, id=156, 100.375pt x 106.3975pt>
File: ../Pictures/PlaceValuePics/dots1.png Graphic file (type png)

<use ../Pictures/PlaceValuePics/dots1.png>
Package pdftex.def Info: ../Pictures/PlaceValuePics/dots1.png used on input lin
e 16.
(pdftex.def)             Requested size: 80.53136pt x 85.35826pt.

<../Pictures/PlaceValuePics/boxes1.png, id=157, 382.42876pt x 109.40875pt>
File: ../Pictures/PlaceValuePics/boxes1.png Graphic file (type png)

<use ../Pictures/PlaceValuePics/boxes1.png>
Package pdftex.def Info: ../Pictures/PlaceValuePics/boxes1.png used on input li
ne 22.
(pdftex.def)             Requested size: 149.18161pt x 42.67912pt.
 [41 <../Pictures/PlaceValuePics/dots1.png> <../Pictures/PlaceValuePics/boxes1.
png>]
<../Pictures/PlaceValuePics/9dots1.png, id=161, 378.41376pt x 103.38625pt>
File: ../Pictures/PlaceValuePics/9dots1.png Graphic file (type png)

<use ../Pictures/PlaceValuePics/9dots1.png>
Package pdftex.def Info: ../Pictures/PlaceValuePics/9dots1.png used on input li
ne 38.
(pdftex.def)             Requested size: 156.21307pt x 42.67912pt.

<../Pictures/PlaceValuePics/9dots2.png, id=162, 291.0875pt x 222.8325pt>
File: ../Pictures/PlaceValuePics/9dots2.png Graphic file (type png)

<use ../Pictures/PlaceValuePics/9dots2.png>
Package pdftex.def Info: ../Pictures/PlaceValuePics/9dots2.png used on input li
ne 42.
(pdftex.def)             Requested size: 167.25851pt x 128.0374pt.

<../Pictures/PlaceValuePics/9dots3.png, id=163, 284.06125pt x 211.79124pt>
File: ../Pictures/PlaceValuePics/9dots3.png Graphic file (type png)

<use ../Pictures/PlaceValuePics/9dots3.png>
Package pdftex.def Info: ../Pictures/PlaceValuePics/9dots3.png used on input li
ne 46.
(pdftex.def)             Requested size: 171.73404pt x 128.0374pt.

<../Pictures/PlaceValuePics/9dots4.png, id=164, 280.04625pt x 131.49126pt>
File: ../Pictures/PlaceValuePics/9dots4.png Graphic file (type png)

<use ../Pictures/PlaceValuePics/9dots4.png>
Package pdftex.def Info: ../Pictures/PlaceValuePics/9dots4.png used on input li
ne 50.
(pdftex.def)             Requested size: 181.8014pt x 85.35826pt.
 [42 <../Pictures/PlaceValuePics/9dots1.png> <../Pictures/PlaceValuePics/9dots2
.png> <../Pictures/PlaceValuePics/9dots3.png>]
<../Pictures/PlaceValuePics/9dots5.png, id=168, 294.09875pt x 134.5025pt>
File: ../Pictures/PlaceValuePics/9dots5.png Graphic file (type png)

<use ../Pictures/PlaceValuePics/9dots5.png>
Package pdftex.def Info: ../Pictures/PlaceValuePics/9dots5.png used on input li
ne 54.
(pdftex.def)             Requested size: 186.64291pt x 85.35826pt.

<../Pictures/PlaceValuePics/9dots6.png, id=169, 299.1175pt x 136.51pt>
File: ../Pictures/PlaceValuePics/9dots6.png Graphic file (type png)

<use ../Pictures/PlaceValuePics/9dots6.png>
Package pdftex.def Info: ../Pictures/PlaceValuePics/9dots6.png used on input li
ne 58.
(pdftex.def)             Requested size: 187.03468pt x 85.35826pt.

<../Pictures/PlaceValuePics/9dots7.png, id=170, 320.19624pt x 149.55875pt>
File: ../Pictures/PlaceValuePics/9dots7.png Graphic file (type png)

<use ../Pictures/PlaceValuePics/9dots7.png>
Package pdftex.def Info: ../Pictures/PlaceValuePics/9dots7.png used on input li
ne 62.
(pdftex.def)             Requested size: 182.74826pt x 85.35826pt.

<../Pictures/PlaceValuePics/9dots8.png, id=171, 310.15875pt x 141.52875pt>
File: ../Pictures/PlaceValuePics/9dots8.png Graphic file (type png)

<use ../Pictures/PlaceValuePics/9dots8.png>
Package pdftex.def Info: ../Pictures/PlaceValuePics/9dots8.png used on input li
ne 64.
(pdftex.def)             Requested size: 187.06686pt x 85.35826pt.
 [43 <../Pictures/PlaceValuePics/9dots4.png> <../Pictures/PlaceValuePics/9dots5
.png> <../Pictures/PlaceValuePics/9dots6.png> <../Pictures/PlaceValuePics/9dots
7.png> <../Pictures/PlaceValuePics/9dots8.png>]
<../Pictures/PlaceValuePics/7dots.png, id=176, 577.15625pt x 326.21875pt>
File: ../Pictures/PlaceValuePics/7dots.png Graphic file (type png)

<use ../Pictures/PlaceValuePics/7dots.png>
Package pdftex.def Info: ../Pictures/PlaceValuePics/7dots.png used on input lin
e 79.
(pdftex.def)             Requested size: 352.39064pt x 199.16928pt.
 [44 <../Pictures/PlaceValuePics/7dots.png>]
<../Pictures/PlaceValuePics/15dots.png, id=180, 572.1375pt x 372.39125pt>
File: ../Pictures/PlaceValuePics/15dots.png Graphic file (type png)

<use ../Pictures/PlaceValuePics/15dots.png>
Package pdftex.def Info: ../Pictures/PlaceValuePics/15dots.png used on input li
ne 124.
(pdftex.def)             Requested size: 349.72795pt x 227.62204pt.
 [45 <../Pictures/PlaceValuePics/15dots.png>] [46]
<../Pictures/PlaceValuePics/binary1.png, id=187, 599.23875pt x 81.30376pt>
File: ../Pictures/PlaceValuePics/binary1.png Graphic file (type png)

<use ../Pictures/PlaceValuePics/binary1.png>
Package pdftex.def Info: ../Pictures/PlaceValuePics/binary1.png used on input l
ine 215.
(pdftex.def)             Requested size: 314.56848pt x 42.67912pt.

<../Pictures/PlaceValuePics/binary2.png, id=188, 573.14125pt x 103.38625pt>
File: ../Pictures/PlaceValuePics/binary2.png Graphic file (type png)

<use ../Pictures/PlaceValuePics/binary2.png>
Package pdftex.def Info: ../Pictures/PlaceValuePics/binary2.png used on input l
ine 219.
(pdftex.def)             Requested size: 315.47353pt x 56.9055pt.

<../Pictures/PlaceValuePics/binary3.png, id=189, 592.2125pt x 106.3975pt>
File: ../Pictures/PlaceValuePics/binary3.png Graphic file (type png)

<use ../Pictures/PlaceValuePics/binary3.png>
Package pdftex.def Info: ../Pictures/PlaceValuePics/binary3.png used on input l
ine 223.
(pdftex.def)             Requested size: 316.7447pt x 56.9055pt.

<../Pictures/PlaceValuePics/binary4.png, id=190, 586.19pt x 99.37125pt>
File: ../Pictures/PlaceValuePics/binary4.png Graphic file (type png)

<use ../Pictures/PlaceValuePics/binary4.png>
Package pdftex.def Info: ../Pictures/PlaceValuePics/binary4.png used on input l
ine 227.
(pdftex.def)             Requested size: 335.69707pt x 56.9055pt.

<../Pictures/PlaceValuePics/binary5.png, id=191, 560.0925pt x 98.3675pt>
File: ../Pictures/PlaceValuePics/binary5.png Graphic file (type png)

<use ../Pictures/PlaceValuePics/binary5.png>
Package pdftex.def Info: ../Pictures/PlaceValuePics/binary5.png used on input l
ine 231.
(pdftex.def)             Requested size: 340.2116pt x 59.75095pt.
Missing character: There is no Õ in font cmr12!
 [47 <../Pictures/PlaceValuePics/binary1.png> <../Pictures/PlaceValuePics/binar
y2.png> <../Pictures/PlaceValuePics/binary3.png> <../Pictures/PlaceValuePics/bi
nary4.png>]
<../Pictures/PlaceValuePics/9inbinary.png, id=195, 268.00125pt x 110.4125pt>
File: ../Pictures/PlaceValuePics/9inbinary.png Graphic file (type png)

<use ../Pictures/PlaceValuePics/9inbinary.png>
Package pdftex.def Info: ../Pictures/PlaceValuePics/9inbinary.png used on input
 line 238.
(pdftex.def)             Requested size: 145.03339pt x 59.75095pt.

<../Pictures/PlaceValuePics/13inbinary.png, id=196, 255.95625pt x 108.405pt>
File: ../Pictures/PlaceValuePics/13inbinary.png Graphic file (type png)

<use ../Pictures/PlaceValuePics/13inbinary.png>
Package pdftex.def Info: ../Pictures/PlaceValuePics/13inbinary.png used on inpu
t line 245.
(pdftex.def)             Requested size: 141.081pt x 59.75095pt.
 [48 <../Pictures/PlaceValuePics/binary5.png> <../Pictures/PlaceValuePics/9inbi
nary.png> <../Pictures/PlaceValuePics/13inbinary.png>]
Overfull \hbox (42.71173pt too wide) detected at line 308
[] \OT1/cmr/m/n/12 =???[]  [] =???[]  [] =???[]
 []


LaTeX Font Warning: Font shape `OT1/cmss/m/it' in size <12> not available
(Font)              Font shape `OT1/cmss/m/sl' tried instead on input line 319.


<../Pictures/PlaceValuePics/base3_1.png, id=200, 692.5875pt x 100.375pt>
File: ../Pictures/PlaceValuePics/base3_1.png Graphic file (type png)

<use ../Pictures/PlaceValuePics/base3_1.png>
Package pdftex.def Info: ../Pictures/PlaceValuePics/base3_1.png used on input l
ine 329.
(pdftex.def)             Requested size: 412.29018pt x 59.75095pt.

Overfull \hbox (22.29018pt too wide) in paragraph at lines 329--330
 [] 
 []

[49 <../Pictures/PlaceValuePics/base3_1.png>]
<../Pictures/PlaceValuePics/15base3.png, id=206, 333.245pt x 123.46124pt>
File: ../Pictures/PlaceValuePics/15base3.png Graphic file (type png)

<use ../Pictures/PlaceValuePics/15base3.png>
Package pdftex.def Info: ../Pictures/PlaceValuePics/15base3.png used on input l
ine 337.
(pdftex.def)             Requested size: 192.0059pt x 71.13188pt.

<../Pictures/PlaceValuePics/base4system.png, id=207, 689.57625pt x 103.38625pt>
File: ../Pictures/PlaceValuePics/base4system.png Graphic file (type png)
<use ../Pictures/PlaceValuePics/base4system.png>
Package pdftex.def Info: ../Pictures/PlaceValuePics/base4system.png used on inp
ut line 367.
(pdftex.def)             Requested size: 379.56271pt x 56.9055pt.

Overfull \hbox (10.45139pt too wide) in paragraph at lines 367--368
 [] 
 []


<../Pictures/PlaceValuePics/base10system.png, id=208, 460.72125pt x 148.555pt>
File: ../Pictures/PlaceValuePics/base10system.png Graphic file (type png)

<use ../Pictures/PlaceValuePics/base10system.png>
Package pdftex.def Info: ../Pictures/PlaceValuePics/base10system.png used on in
put line 387.
(pdftex.def)             Requested size: 176.48189pt x 56.9055pt.
 [50 <../Pictures/PlaceValuePics/15base3.png> <../Pictures/PlaceValuePics/base4
system.png>] [51 <../Pictures/PlaceValuePics/base10system.png>] [52] [53] [54] 
[55] [56] [57] [58] [59]
[60] [61] [62] [63] [64] [65] [66] [67]
<../Pictures/PlaceValuePics/adventure1.png, id=268, 671.50874pt x 108.405pt>
File: ../Pictures/PlaceValuePics/adventure1.png Graphic file (type png)

<use ../Pictures/PlaceValuePics/adventure1.png>
Package pdftex.def Info: ../Pictures/PlaceValuePics/adventure1.png used on inpu
t line 1368.
(pdftex.def)             Requested size: 264.37723pt x 42.67912pt.

Overfull \hbox (41.87027pt too wide) detected at line 1386
\OT1/cmr/m/n/12 1\OML/cmm/m/it/12 ; \OT1/cmr/m/n/12 2\OML/cmm/m/it/12 ; \OT1/cm
r/m/n/12 3\OML/cmm/m/it/12 ; \OT1/cmr/m/n/12 4\OML/cmm/m/it/12 ; \OT1/cmr/m/n/1
2 5\OML/cmm/m/it/12 ; \OT1/cmr/m/n/12 6\OML/cmm/m/it/12 ; \OT1/cmr/m/n/12 7\OML
/cmm/m/it/12 ; \OT1/cmr/m/n/12 8\OML/cmm/m/it/12 ; \OT1/cmr/m/n/12 9\OML/cmm/m/
it/12 ; \OT1/cmr/m/n/12 10\OML/cmm/m/it/12 ; \OT1/cmr/m/n/12 11\OML/cmm/m/it/12
 ; \OT1/cmr/m/n/12 12\OML/cmm/m/it/12 ; \OT1/cmr/m/n/12 13\OML/cmm/m/it/12 ; \O
T1/cmr/m/n/12 14\OML/cmm/m/it/12 ; \OT1/cmr/m/n/12 15\OML/cmm/m/it/12 ; \OT1/cm
r/m/n/12 16\OML/cmm/m/it/12 ; \OT1/cmr/m/n/12 17\OML/cmm/m/it/12 ; \OT1/cmr/m/n
/12 18\OML/cmm/m/it/12 ; \OT1/cmr/m/n/12 19\OML/cmm/m/it/12 ; \OT1/cmr/m/n/12 2
0\OML/cmm/m/it/12 ; \OT1/cmr/m/n/12 24\OML/cmm/m/it/12 ; \OT1/cmr/m/n/12 27\OML
/cmm/m/it/12 ; \OT1/cmr/m/n/12 30\OML/cmm/m/it/12 ; \OT1/cmr/m/n/12 33\OML/cmm/
m/it/12 ; \OT1/cmr/m/n/12 36\OML/cmm/m/it/12 ; []\OT1/cmr/m/n/12 39
 []

) [68 <../Pictures/PlaceValuePics/adventure1.png>] (./MFETmain.aux) ) 
Here is how much of TeX's memory you used:
 16830 strings out of 493089
 311905 string characters out of 6134842
 384873 words of memory out of 5000000
 19897 multiletter control sequences out of 15000+600000
 18973 words of font info for 74 fonts, out of 8000000 for 9000
 1141 hyphenation exceptions out of 8191
 55i,11n,54p,3241b,358s stack positions out of 5000i,500n,10000p,200000b,80000s
{/usr/loca
l/texlive/2015/texmf-dist/fonts/enc/dvips/cm-super/cm-super-ts1.enc}</usr/local
/texlive/2015/texmf-dist/fonts/type1/public/amsfonts/cm/cmbx12.pfb></usr/local/
texlive/2015/texmf-dist/fonts/type1/public/amsfonts/cm/cmex10.pfb></usr/local/t
exlive/2015/texmf-dist/fonts/type1/public/amsfonts/cm/cmmi12.pfb></usr/local/te
xlive/2015/texmf-dist/fonts/type1/public/amsfonts/cm/cmmi8.pfb></usr/local/texl
ive/2015/texmf-dist/fonts/type1/public/amsfonts/cm/cmr12.pfb></usr/local/texliv
e/2015/texmf-dist/fonts/type1/public/amsfonts/cm/cmr17.pfb></usr/local/texlive/
2015/texmf-dist/fonts/type1/public/amsfonts/cm/cmr8.pfb></usr/local/texlive/201
5/texmf-dist/fonts/type1/public/amsfonts/cm/cmsl12.pfb></usr/local/texlive/2015
/texmf-dist/fonts/type1/public/amsfonts/cm/cmss12.pfb></usr/local/texlive/2015/
texmf-dist/fonts/type1/public/amsfonts/cm/cmssi12.pfb></usr/local/texlive/2015/
texmf-dist/fonts/type1/public/amsfonts/cm/cmsy10.pfb></usr/local/texlive/2015/t
exmf-dist/fonts/type1/public/amsfonts/cm/cmsy8.pfb></usr/local/texlive/2015/tex
mf-dist/fonts/type1/public/amsfonts/cm/cmti12.pfb></usr/local/texlive/2015/texm
f-dist/fonts/type1/public/amsfonts/cm/cmtt12.pfb></usr/local/texlive/2015/texmf
-dist/fonts/type1/public/amsfonts/symbols/msam10.pfb></usr/local/texlive/2015/t
exmf-dist/fonts/type1/public/cm-super/sfrm1200.pfb>
Output written on MFETmain.pdf (68 pages, 442075 bytes).
PDF statistics:
 327 PDF objects out of 1000 (max. 8388607)
 204 compressed objects within 3 object streams
 0 named destinations out of 1000 (max. 500000)
 183 words of extra memory for PDF output out of 10000 (max. 10000000)

